<?xml version="1.0" encoding="UTF-8"?>
<!-- Generated by org.testng.reporters.JUnitXMLReporter -->
<testsuite ignored="1" hostname="DESKTOP-8CCITV7" failures="0" tests="2" name="Command line test" time="13.762" errors="0" timestamp="2022-09-27T14:48:49 EEST">
  <testcase classname="com.qacart.com.testcases.LoginTest" name="ShouldBeAbleToLoginWithEmailAndPassword" time="2.171"/>
  <testcase classname="com.qacart.com.testcases.TodoTest" name="shouldBeAbleToAddNewTodo" time="2.785"/>
  <testcase classname="com.qacart.com.testcases.TodoTest" name="shouldBeAbleToDeleteTodo" time="0.0">
    <ignored/>
  </testcase> <!-- shouldBeAbleToDeleteTodo -->
</testsuite> <!-- Command line test -->
