<?xml version="1.0" encoding="UTF-8"?>
<!-- Generated by org.testng.reporters.JUnitXMLReporter -->
<testsuite ignored="0" hostname="DESKTOP-99UPAI7" failures="0" tests="3" name="Surefire test" time="24.602" errors="0" timestamp="2022-10-03T12:13:58 EEST">
  <testcase classname="com.qacart.com.testcases.LoginTest" name="ShouldBeAbleToLoginWithEmailAndPassword" time="3.384"/>
  <testcase classname="com.qacart.com.testcases.TodoTest" name="shouldBeAbleToAddNewTodo" time="14.815"/>
  <testcase classname="com.qacart.com.testcases.TodoTest" name="shouldBeAbleToDeleteTodo" time="14.905"/>
</testsuite> <!-- Surefire test -->
