<?xml version="1.0" encoding="UTF-8"?>
<testng-results ignored="0" total="3" passed="3" failed="0" skipped="0">
  <reporter-output>
  </reporter-output>
  <suite started-at="2022-10-03T12:13:34 EEST" name="Surefire suite" finished-at="2022-10-03T12:13:58 EEST" duration-ms="24602">
    <groups>
    </groups>
    <test started-at="2022-10-03T12:13:34 EEST" name="Surefire test" finished-at="2022-10-03T12:13:58 EEST" duration-ms="24602">
      <class name="com.qacart.com.testcases.TodoTest">
        <test-method is-config="true" signature="setUp()[pri:0, instance:com.qacart.com.testcases.TodoTest@53ac845a]" started-at="2022-10-03T12:13:34 EEST" name="setUp" finished-at="2022-10-03T12:13:42 EEST" duration-ms="8519" status="PASS">
          <reporter-output>
          </reporter-output>
        </test-method> <!-- setUp -->
        <test-method is-config="true" signature="setUp()[pri:0, instance:com.qacart.com.testcases.TodoTest@53ac845a]" started-at="2022-10-03T12:13:34 EEST" name="setUp" finished-at="2022-10-03T12:13:42 EEST" duration-ms="8642" status="PASS">
          <reporter-output>
          </reporter-output>
        </test-method> <!-- setUp -->
        <test-method signature="shouldBeAbleToAddNewTodo()[pri:0, instance:com.qacart.com.testcases.TodoTest@53ac845a]" started-at="2022-10-03T12:13:42 EEST" name="shouldBeAbleToAddNewTodo" description="Should be able to add a new todo correctly" finished-at="2022-10-03T12:13:57 EEST" duration-ms="14815" status="PASS">
          <reporter-output>
          </reporter-output>
        </test-method> <!-- shouldBeAbleToAddNewTodo -->
        <test-method signature="shouldBeAbleToDeleteTodo()[pri:0, instance:com.qacart.com.testcases.TodoTest@53ac845a]" started-at="2022-10-03T12:13:42 EEST" name="shouldBeAbleToDeleteTodo" description="Should be able to delete a todo Correctly" finished-at="2022-10-03T12:13:57 EEST" duration-ms="14905" status="PASS">
          <reporter-output>
          </reporter-output>
        </test-method> <!-- shouldBeAbleToDeleteTodo -->
        <test-method is-config="true" signature="teardown(org.testng.ITestResult)[pri:0, instance:com.qacart.com.testcases.TodoTest@53ac845a]" started-at="2022-10-03T12:13:57 EEST" name="teardown" finished-at="2022-10-03T12:13:58 EEST" duration-ms="899" status="PASS">
          <params>
            <param index="0">
              <value>
                <![CDATA[[TestResult name=shouldBeAbleToAddNewTodo status=SUCCESS method=TodoTest.shouldBeAbleToAddNewTodo()[pri:0, instance:com.qacart.com.testcases.TodoTest@53ac845a] output={null}]]]>
              </value>
            </param>
          </params>
          <reporter-output>
          </reporter-output>
        </test-method> <!-- teardown -->
        <test-method is-config="true" signature="teardown(org.testng.ITestResult)[pri:0, instance:com.qacart.com.testcases.TodoTest@53ac845a]" started-at="2022-10-03T12:13:57 EEST" name="teardown" finished-at="2022-10-03T12:13:58 EEST" duration-ms="832" status="PASS">
          <params>
            <param index="0">
              <value>
                <![CDATA[[TestResult name=shouldBeAbleToDeleteTodo status=SUCCESS method=TodoTest.shouldBeAbleToDeleteTodo()[pri:0, instance:com.qacart.com.testcases.TodoTest@53ac845a] output={null}]]]>
              </value>
            </param>
          </params>
          <reporter-output>
          </reporter-output>
        </test-method> <!-- teardown -->
      </class> <!-- com.qacart.com.testcases.TodoTest -->
      <class name="com.qacart.com.testcases.LoginTest">
        <test-method is-config="true" signature="setUp()[pri:0, instance:com.qacart.com.testcases.LoginTest@17b64941]" started-at="2022-10-03T12:13:34 EEST" name="setUp" finished-at="2022-10-03T12:13:42 EEST" duration-ms="8722" status="PASS">
          <reporter-output>
          </reporter-output>
        </test-method> <!-- setUp -->
        <test-method signature="ShouldBeAbleToLoginWithEmailAndPassword()[pri:0, instance:com.qacart.com.testcases.LoginTest@17b64941]" started-at="2022-10-03T12:13:42 EEST" name="ShouldBeAbleToLoginWithEmailAndPassword" description="Test the login functionlty using email and password" finished-at="2022-10-03T12:13:46 EEST" duration-ms="3384" status="PASS">
          <reporter-output>
          </reporter-output>
        </test-method> <!-- ShouldBeAbleToLoginWithEmailAndPassword -->
        <test-method is-config="true" signature="teardown(org.testng.ITestResult)[pri:0, instance:com.qacart.com.testcases.LoginTest@17b64941]" started-at="2022-10-03T12:13:46 EEST" name="teardown" finished-at="2022-10-03T12:13:47 EEST" duration-ms="776" status="PASS">
          <params>
            <param index="0">
              <value>
                <![CDATA[[TestResult name=ShouldBeAbleToLoginWithEmailAndPassword status=SUCCESS method=LoginTest.ShouldBeAbleToLoginWithEmailAndPassword()[pri:0, instance:com.qacart.com.testcases.LoginTest@17b64941] output={null}]]]>
              </value>
            </param>
          </params>
          <reporter-output>
          </reporter-output>
        </test-method> <!-- teardown -->
      </class> <!-- com.qacart.com.testcases.LoginTest -->
    </test> <!-- Surefire test -->
  </suite> <!-- Surefire suite -->
</testng-results>
