<?xml version="1.0" encoding="UTF-8"?>
<testsuite xmlns:xsi="http://www.w3.org/2001/XMLSchema-instance" xsi:noNamespaceSchemaLocation="https://maven.apache.org/surefire/maven-surefire-plugin/xsd/surefire-test-report-3.0.xsd" version="3.0" name="TestSuite" time="26.186" tests="3" errors="0" skipped="0" failures="0">
  <properties>
[...]
</properties>
  <testcase name="ShouldBeAbleToLoginWithEmailAndPassword" classname="com.qacart.com.testcases.LoginTest" time="3.413">
    <system-err><![CDATA[SLF4J: Failed to load class "org.slf4j.impl.StaticLoggerBinder".
SLF4J: Defaulting to no-operation (NOP) logger implementation
SLF4J: See http://www.slf4j.org/codes.html#StaticLoggerBinder for further details.
Starting ChromeDriver 105.0.5195.52 (412c95e518836d8a7d97250d62b29c2ae6a26a85-refs/branch-heads/5195@{#853}) on port 58336
Only local connections are allowed.
Please see https://chromedriver.chromium.org/security-considerations for suggestions on keeping ChromeDriver safe.
ChromeDriver was started successfully.
Starting ChromeDriver 105.0.5195.52 (412c95e518836d8a7d97250d62b29c2ae6a2St6aa8r5ti-nrgef sCh/rboramencDrh-ihveear ds1/055.190.55@1{#9855.53}2 )( 4on12 pco9r5te 55198387386d
8Oan7ldy9 7l2o5c0adl6 2cbo2n9nce2catieon6sa 2a6rae8 5a-lrelfosw/berda.nch
-Phelaedass/e51 95s@e{e# 85h3t}t) pos://nc hporrotm e5d8r57i1v
eOrn.lcy hlroocmiuma.lo rcgo/nsneecucrtiitoyn-sc oansried earlaltoiwonesd .fo
Prl esausgege ssteioens  hont ktepespi:n/g/ CchhrroomemDeridrvierv seafre..c
hromium.org/security-considerations for suggestions on keeping ChromeDriver safe.
ChromeDriver was started successfully.
ChromeDriver was started successfully.
Oct 03, 2022 12:13:41 PM org.openqa.selenium.remote.ProtocolHandshake createSession
INFO: Detected upstream dialect: W3C
Oct 03, 2022 12:13:41 PM org.openqa.selenium.remote.ProtocolHandshake createSession
INFO: Detected upstream dialect: W3C
Oct 03, 2022 12:13:41 PM org.openqa.selenium.remote.ProtocolHandshake createSession
INFO: Detected upstream dialect: W3C
Oct 03, 2022 12:13:42 PM org.openqa.selenium.devtools.CdpVersionFinder findNearestMatch
WARNING: Unable to find an exact match for CDP version 105, so returning the closest version found: 103
Oct 03, 2022 12:13:42 PM org.openqa.selenium.devtools.CdpVersionFinder findNearestMatch
INFO: Found CDP implementation for version 105 of 103
Oct 03, 2022 12:13:42 PM org.openqa.selenium.devtools.CdpVersionFinder findNearestMatch
WARNING: Unable to find an exact match for CDP version 105, so returning the closest version found: 103
Oct 03, 2022 12:13:42 PM org.openqa.selenium.devtools.CdpVersionFinder findNearestMatch
WARNING: Unable to find an exact match for CDP version 105, so returning the closest version found: 103
Oct 03, 2022 12:13:42 PM org.openqa.selenium.devtools.CdpVersionFinder findNearestMatch
INFO: Found CDP implementation for version 105 of 103
Oct 03, 2022 12:13:42 PM org.openqa.selenium.devtools.CdpVersionFinder findNearestMatch
INFO: Found CDP implementation for version 105 of 103
]]></system-err>
  </testcase>
  <testcase name="shouldBeAbleToAddNewTodo" classname="com.qacart.com.testcases.TodoTest" time="14.816">
    <system-out><![CDATA[Request method:	POST
Request URI:	http://qacart-todo.herokuapp.com/api/v1/users/register
Proxy:			<none>
Request params:	<none>
Query params:	<none>
Form params:	<none>
Path params:	<none>
Headers:		Accept=*/*
				Content-Type=application/json
Cookies:		<none>
Multiparts:		<none>
Body:
{
    "email": "trey.hoppe@yahoo.com",
    "password": "96980418",
    "firstName": "Boris",
    "lastName": "Okuneva"
}
Request method:	POST
Request URI:	http://qacart-todo.herokuapp.com/api/v1/users/register
Proxy:			<none>
Request params:	<none>
Query params:	<none>
Form params:	<none>
Path params:	<none>
Headers:		Accept=*/*
				Content-Type=application/json
Cookies:		<none>
Multiparts:		<none>
Body:
{
    "email": "ona.yundt@yahoo.com",
    "password": "35731069",
    "firstName": "Waldo",
    "lastName": "Blanda"
}
HTTP/1.1 201 Created
Server: Cowboy
Connection: keep-alive
X-Powered-By: Express
Access-Control-Allow-Origin: *
Set-Cookie: access_token=eyJhbGciOiJIUzI1NiIsInR5cCI6IkpXVCJ9.eyJpZCI6IjYzM2FhN2NlNmM3M2Y4MDAxNmFhNDUxYSIsImZpcnN0TmFtZSI6IldhbGRvIiwibGFzdE5hbWUiOiJCbGFuZGEiLCJpYXQiOjE2NjQ3ODg0MzB9.ZsrcIqxR1E1An4oR9VMYtnR6svzLE8-ijBF5UaG0DAw; Path=/
Set-Cookie: userID=j%3A%22633aa7ce6c73f80016aa451a%22; Path=/
Set-Cookie: firstName=Waldo; Path=/
Content-Type: application/json; charset=utf-8
Content-Length: 276
Etag: W/"114-q+dSj892gtTdNW+oWpF/ovTMkgg"
Date: Mon, 03 Oct 2022 09:13:50 GMT
Via: 1.1 vegur

{
    "access_token": "eyJhbGciOiJIUzI1NiIsInR5cCI6IkpXVCJ9.eyJpZCI6IjYzM2FhN2NlNmM3M2Y4MDAxNmFhNDUxYSIsImZpcnN0TmFtZSI6IldhbGRvIiwibGFzdE5hbWUiOiJCbGFuZGEiLCJpYXQiOjE2NjQ3ODg0MzB9.ZsrcIqxR1E1An4oR9VMYtnR6svzLE8-ijBF5UaG0DAw",
    "userID": "633aa7ce6c73f80016aa451a",
    "firstName": "Waldo"
}
HTTP/1.1 201 Created
Server: Cowboy
Connection: keep-alive
X-Powered-By: Express
Access-Control-Allow-Origin: *
Set-Cookie: access_token=eyJhbGciOiJIUzI1NiIsInR5cCI6IkpXVCJ9.eyJpZCI6IjYzM2FhN2NlNmM3M2Y4MDAxNmFhNDUxYyIsImZpcnN0TmFtZSI6IkJvcmlzIiwibGFzdE5hbWUiOiJPa3VuZXZhIiwiaWF0IjoxNjY0Nzg4NDMwfQ.r4shwELBTTLSI5vyGEFBYV3lN95oQhucwfEWv_6kTT0; Path=/
Set-Cookie: userID=j%3A%22633aa7ce6c73f80016aa451c%22; Path=/
Set-Cookie: firstName=Boris; Path=/
Content-Type: application/json; charset=utf-8
Content-Length: 278
Etag: W/"116-NuxjhwE/Ukn2YaeMMzrKmhvn9Xc"
Date: Mon, 03 Oct 2022 09:13:50 GMT
Via: 1.1 vegur

{
    "access_token": "eyJhbGciOiJIUzI1NiIsInR5cCI6IkpXVCJ9.eyJpZCI6IjYzM2FhN2NlNmM3M2Y4MDAxNmFhNDUxYyIsImZpcnN0TmFtZSI6IkJvcmlzIiwibGFzdE5hbWUiOiJPa3VuZXZhIiwiaWF0IjoxNjY0Nzg4NDMwfQ.r4shwELBTTLSI5vyGEFBYV3lN95oQhucwfEWv_6kTT0",
    "userID": "633aa7ce6c73f80016aa451c",
    "firstName": "Boris"
}
HTTP/1.1 201 Created
Server: Cowboy
Connection: keep-alive
X-Powered-By: Express
Access-Control-Allow-Origin: *
Content-Type: application/json; charset=utf-8
Content-Length: 160
Etag: W/"a0-A18B8msPG/LfR/Wk5hONVp6+Qk0"
Date: Mon, 03 Oct 2022 09:13:53 GMT
Via: 1.1 vegur

{
    "isCompleted": false,
    "_id": "633aa7d16c73f80016aa451e",
    "item": "Learn Cypress",
    "userID": "633aa7ce6c73f80016aa451c",
    "createdAt": "2022-10-03T09:13:53.438Z",
    "__v": 0
}
]]></system-out>
  </testcase>
  <testcase name="shouldBeAbleToDeleteTodo" classname="com.qacart.com.testcases.TodoTest" time="14.905"/>
</testsuite>