<?xml version="1.0" encoding="UTF-8"?>
<testng-results ignored="1" total="3" passed="2" failed="0" skipped="0">
  <reporter-output>
  </reporter-output>
  <suite started-at="2022-09-27T14:48:35 EEST" name="Command line suite" finished-at="2022-09-27T14:48:49 EEST" duration-ms="13762">
    <groups>
    </groups>
    <test started-at="2022-09-27T14:48:35 EEST" name="Command line test" finished-at="2022-09-27T14:48:49 EEST" duration-ms="13762">
      <class name="com.qacart.com.testcases.TodoTest">
        <test-method is-config="true" signature="setUp()[pri:0, instance:com.qacart.com.testcases.TodoTest@1329eff]" started-at="2022-09-27T14:48:44 EEST" name="setUp" finished-at="2022-09-27T14:48:45 EEST" duration-ms="1590" status="PASS">
          <reporter-output>
          </reporter-output>
        </test-method> <!-- setUp -->
        <test-method signature="shouldBeAbleToAddNewTodo()[pri:0, instance:com.qacart.com.testcases.TodoTest@1329eff]" started-at="2022-09-27T14:48:45 EEST" name="shouldBeAbleToAddNewTodo" finished-at="2022-09-27T14:48:48 EEST" duration-ms="2785" status="PASS">
          <reporter-output>
          </reporter-output>
        </test-method> <!-- shouldBeAbleToAddNewTodo -->
        <test-method is-config="true" signature="teardown()[pri:0, instance:com.qacart.com.testcases.TodoTest@1329eff]" started-at="2022-09-27T14:48:48 EEST" name="teardown" finished-at="2022-09-27T14:48:49 EEST" duration-ms="671" status="PASS">
          <reporter-output>
          </reporter-output>
        </test-method> <!-- teardown -->
      </class> <!-- com.qacart.com.testcases.TodoTest -->
      <class name="com.qacart.com.testcases.LoginTest">
        <test-method is-config="true" signature="setUp()[pri:0, instance:com.qacart.com.testcases.LoginTest@c03cf28]" started-at="2022-09-27T14:48:35 EEST" name="setUp" finished-at="2022-09-27T14:48:41 EEST" duration-ms="5779" status="PASS">
          <reporter-output>
          </reporter-output>
        </test-method> <!-- setUp -->
        <test-method signature="ShouldBeAbleToLoginWithEmailAndPassword()[pri:0, instance:com.qacart.com.testcases.LoginTest@c03cf28]" started-at="2022-09-27T14:48:41 EEST" name="ShouldBeAbleToLoginWithEmailAndPassword" finished-at="2022-09-27T14:48:43 EEST" duration-ms="2171" status="PASS">
          <reporter-output>
          </reporter-output>
        </test-method> <!-- ShouldBeAbleToLoginWithEmailAndPassword -->
        <test-method is-config="true" signature="teardown()[pri:0, instance:com.qacart.com.testcases.LoginTest@c03cf28]" started-at="2022-09-27T14:48:43 EEST" name="teardown" finished-at="2022-09-27T14:48:44 EEST" duration-ms="689" status="PASS">
          <reporter-output>
          </reporter-output>
        </test-method> <!-- teardown -->
      </class> <!-- com.qacart.com.testcases.LoginTest -->
    </test> <!-- Command line test -->
  </suite> <!-- Command line suite -->
</testng-results>
